Using pre-set license
Built from '2020.3/staging' branch; Version is '2020.3.8f1 (507919d4fff5) revision 5273881'; Using compiler version '192528614'; Build Type 'Release'
OS: 'Windows 10 Home; OS build 19043.1288; Version 2009; 64bit' Language: 'en' Physical Memory: 16318 MB
BatchMode: 1, IsHumanControllingUs: 0, StartBugReporterOnCrash: 0, Is64bit: 1, IsPro: 0

 COMMAND LINE ARGUMENTS:
C:\Program Files\Unity\Hub\Editor\2020.3.8f1\Editor\Unity.exe
-adb2
-batchMode
-noUpm
-name
AssetImportWorker0
-projectPath
C:/Users/gkwaz/unityStuff/unityRPG/unityRPG
-logFile
Logs/AssetImportWorker0.log
-srvPort
53540
Successfully changed project path to: C:/Users/gkwaz/unityStuff/unityRPG/unityRPG
C:/Users/gkwaz/unityStuff/unityRPG/unityRPG
Using Asset Import Pipeline V2.
Refreshing native plugins compatible for Editor in 37.42 ms, found 0 plugins.
Preloading 0 native plugins for Editor in 0.00 ms.
Initialize engine version: 2020.3.8f1 (507919d4fff5)
[Subsystems] Discovering subsystems at path C:/Program Files/Unity/Hub/Editor/2020.3.8f1/Editor/Data/Resources/UnitySubsystems
[Subsystems] Discovering subsystems at path C:/Users/gkwaz/unityStuff/unityRPG/unityRPG/Assets
GfxDevice: creating device client; threaded=0
Direct3D:
    Version:  Direct3D 11.0 [level 11.1]
    Renderer: NVIDIA GeForce RTX 2070 (ID=0x1f07)
    Vendor:   
    VRAM:     8031 MB
    Driver:   30.0.14.9649
Initialize mono
Mono path[0] = 'C:/Program Files/Unity/Hub/Editor/2020.3.8f1/Editor/Data/Managed'
Mono path[1] = 'C:/Program Files/Unity/Hub/Editor/2020.3.8f1/Editor/Data/MonoBleedingEdge/lib/mono/unityjit'
Mono config path = 'C:/Program Files/Unity/Hub/Editor/2020.3.8f1/Editor/Data/MonoBleedingEdge/etc'
Using monoOptions --debugger-agent=transport=dt_socket,embedding=1,server=y,suspend=n,address=127.0.0.1:56840
Begin MonoManager ReloadAssembly
Registering precompiled unity dll's ...
Register platform support module: C:/Program Files/Unity/Hub/Editor/2020.3.8f1/Editor/Data/PlaybackEngines/WebGLSupport/UnityEditor.WebGL.Extensions.dll
Register platform support module: C:/Program Files/Unity/Hub/Editor/2020.3.8f1/Editor/Data/PlaybackEngines/WindowsStandaloneSupport/UnityEditor.WindowsStandalone.Extensions.dll
Registered in 0.002734 seconds.
Native extension for WindowsStandalone target not found
Native extension for WebGL target not found
Refreshing native plugins compatible for Editor in 34.41 ms, found 0 plugins.
Preloading 0 native plugins for Editor in 0.00 ms.
Mono: successfully reloaded assembly
- Completed reload, in  1.066 seconds
Platform modules already initialized, skipping
Registering precompiled user dll's ...
Registered in 0.000894 seconds.
Begin MonoManager ReloadAssembly
Native extension for WindowsStandalone target not found
Native extension for WebGL target not found
Refreshing native plugins compatible for Editor in 32.96 ms, found 0 plugins.
Preloading 0 native plugins for Editor in 0.00 ms.
Mono: successfully reloaded assembly
- Completed reload, in  0.935 seconds
Platform modules already initialized, skipping
========================================================================
Worker process is ready to serve import requests
Launched and connected shader compiler UnityShaderCompiler.exe after 0.04 seconds
Refreshing native plugins compatible for Editor in 0.34 ms, found 0 plugins.
Preloading 0 native plugins for Editor in 0.00 ms.
Unloading 1520 Unused Serialized files (Serialized files now loaded: 0)
System memory in use before: 151.2 MB.
System memory in use after: 151.1 MB.

Unloading 23 unused Assets to reduce memory usage. Loaded Objects now: 1997.
Total: 1.731200 ms (FindLiveObjects: 0.143400 ms CreateObjectMapping: 0.038200 ms MarkObjects: 1.360000 ms  DeleteObjects: 0.188900 ms)

========================================================================
Received Import Request.
  path: Assets/Game/Charaters/Skeleton/Skeleton Bow.prefab
  artifactKey: Guid(4e889b0125979ac4bbb48211d8fd2f5f) Importer(815301076,1909f56bfc062723c751e8b465ee728b)
Start importing Assets/Game/Charaters/Skeleton/Skeleton Bow.prefab using Guid(4e889b0125979ac4bbb48211d8fd2f5f) Importer(815301076,1909f56bfc062723c751e8b465ee728b)  -> (artifact id: 'ed4e2897dfa1219c8a50fde695d939ba') in 0.248408 seconds
  Import took 0.253365 seconds .

========================================================================
Received Import Request.
  Time since last request: 0.000372 seconds.
  path: Assets/Game/Charaters/Skeleton/SkeletonPBR 1.prefab
  artifactKey: Guid(6d2a8c6154d132644890f414603048f5) Importer(815301076,1909f56bfc062723c751e8b465ee728b)
Start importing Assets/Game/Charaters/Skeleton/SkeletonPBR 1.prefab using Guid(6d2a8c6154d132644890f414603048f5) Importer(815301076,1909f56bfc062723c751e8b465ee728b)  -> (artifact id: 'a107909e4b393a39a957129c421f7d20') in 0.041532 seconds
  Import took 0.046162 seconds .

========================================================================
Received Import Request.
  Time since last request: 0.000360 seconds.
  path: Assets/Game/Charaters/Skeleton/Skeleton.prefab
  artifactKey: Guid(a5cec0e990bacb444adfc035e3cf3e4b) Importer(815301076,1909f56bfc062723c751e8b465ee728b)
Start importing Assets/Game/Charaters/Skeleton/Skeleton.prefab using Guid(a5cec0e990bacb444adfc035e3cf3e4b) Importer(815301076,1909f56bfc062723c751e8b465ee728b)  -> (artifact id: 'd7962d4fd11608fbbbfaf5ec3daed5d2') in 0.067668 seconds
  Import took 0.072089 seconds .

========================================================================
Received Import Request.
  Time since last request: 11.059616 seconds.
  path: Assets/Game/Charaters/Player/Character.prefab
  artifactKey: Guid(461f8afbec01c604c93ee959698ec198) Importer(815301076,1909f56bfc062723c751e8b465ee728b)
Start importing Assets/Game/Charaters/Player/Character.prefab using Guid(461f8afbec01c604c93ee959698ec198) Importer(815301076,1909f56bfc062723c751e8b465ee728b)  -> (artifact id: 'f5932f8c787c667dbf7b9c4827a5ccb0') in 0.005761 seconds
  Import took 0.008184 seconds .

========================================================================
Received Import Request.
  Time since last request: 0.000329 seconds.
  path: Assets/Game/Charaters/Player/Level up.prefab
  artifactKey: Guid(4d3b673a679c098448aaad9e03edc8a4) Importer(815301076,1909f56bfc062723c751e8b465ee728b)
Start importing Assets/Game/Charaters/Player/Level up.prefab using Guid(4d3b673a679c098448aaad9e03edc8a4) Importer(815301076,1909f56bfc062723c751e8b465ee728b)  -> (artifact id: '9e3266ca560d908ac5eafe0889789e87') in 0.007558 seconds
  Import took 0.010112 seconds .

========================================================================
Received Import Request.
  Time since last request: 0.000396 seconds.
  path: Assets/Game/Charaters/Player/Player.prefab
  artifactKey: Guid(b3c7f275ddd16f449a74ff7a48274377) Importer(815301076,1909f56bfc062723c751e8b465ee728b)
Start importing Assets/Game/Charaters/Player/Player.prefab using Guid(b3c7f275ddd16f449a74ff7a48274377) Importer(815301076,1909f56bfc062723c751e8b465ee728b)  -> (artifact id: '9029a419a8fbb9bb4209ca39d29a3c8c') in 0.076995 seconds
  Import took 0.082847 seconds .

========================================================================
Received Import Request.
  Time since last request: 4.154193 seconds.
  path: Assets/Game/Weapons/Resources/BaseSkeleton.asset
  artifactKey: Guid(2a6f7ecdb92f07a48a93e8a1d83df08b) Importer(815301076,1909f56bfc062723c751e8b465ee728b)
Start importing Assets/Game/Weapons/Resources/BaseSkeleton.asset using Guid(2a6f7ecdb92f07a48a93e8a1d83df08b) Importer(815301076,1909f56bfc062723c751e8b465ee728b)  -> (artifact id: '87c3e7fba6fc78425b666a3f4e343cf8') in 0.038000 seconds
  Import took 0.041038 seconds .

========================================================================
Received Import Request.
  Time since last request: 0.000332 seconds.
  path: Assets/Game/Weapons/Resources/HomingBow.asset
  artifactKey: Guid(8138294e219e24546a6516a467914b91) Importer(815301076,1909f56bfc062723c751e8b465ee728b)
Start importing Assets/Game/Weapons/Resources/HomingBow.asset using Guid(8138294e219e24546a6516a467914b91) Importer(815301076,1909f56bfc062723c751e8b465ee728b)  -> (artifact id: '94a09413a7b442e0881216c4b8c48827') in 0.047535 seconds
  Import took 0.050279 seconds .

========================================================================
Received Import Request.
  Time since last request: 0.000365 seconds.
  path: Assets/Game/Weapons/Resources/BaseUnarmed.asset
  artifactKey: Guid(87cbfeac9cd213445aa6b19274d1ff38) Importer(815301076,1909f56bfc062723c751e8b465ee728b)
Start importing Assets/Game/Weapons/Resources/BaseUnarmed.asset using Guid(87cbfeac9cd213445aa6b19274d1ff38) Importer(815301076,1909f56bfc062723c751e8b465ee728b)  -> (artifact id: 'da3c24ec77881ca51558c2ee74314980') in 0.003144 seconds
  Import took 0.005006 seconds .

========================================================================
Received Import Request.
  Time since last request: 0.000298 seconds.
  path: Assets/Game/Weapons/Resources/MagicMissle.asset
  artifactKey: Guid(3b826352aa435a54f8f5f9655596a65f) Importer(815301076,1909f56bfc062723c751e8b465ee728b)
Start importing Assets/Game/Weapons/Resources/MagicMissle.asset using Guid(3b826352aa435a54f8f5f9655596a65f) Importer(815301076,1909f56bfc062723c751e8b465ee728b)  -> (artifact id: '63a2d5f515d321ed194091678d4f45ab') in 0.048974 seconds
  Import took 0.051907 seconds .

========================================================================
Received Import Request.
  Time since last request: 0.000351 seconds.
  path: Assets/Game/Weapons/Resources/Bow.asset
  artifactKey: Guid(40b9ff38c23f92d4ab793f94207693f9) Importer(815301076,1909f56bfc062723c751e8b465ee728b)
Start importing Assets/Game/Weapons/Resources/Bow.asset using Guid(40b9ff38c23f92d4ab793f94207693f9) Importer(815301076,1909f56bfc062723c751e8b465ee728b)  -> (artifact id: 'fde4b708f1306b83f1842f32e929302a') in 0.051135 seconds
  Import took 0.054073 seconds .

========================================================================
Received Import Request.
  Time since last request: 0.000317 seconds.
  path: Assets/Game/Weapons/Resources/THSword.asset
  artifactKey: Guid(f1cec7ec690e9e94daf77c26919c3c00) Importer(815301076,1909f56bfc062723c751e8b465ee728b)
Start importing Assets/Game/Weapons/Resources/THSword.asset using Guid(f1cec7ec690e9e94daf77c26919c3c00) Importer(815301076,1909f56bfc062723c751e8b465ee728b)  -> (artifact id: 'ae9ee99425a41bb6a8aeb4bfd43b653f') in 0.048317 seconds
  Import took 0.051097 seconds .

========================================================================
Received Prepare
Registering precompiled user dll's ...
Registered in 0.000902 seconds.
Begin MonoManager ReloadAssembly
Native extension for WindowsStandalone target not found
Native extension for WebGL target not found
Refreshing native plugins compatible for Editor in 0.33 ms, found 0 plugins.
Preloading 0 native plugins for Editor in 0.00 ms.
Mono: successfully reloaded assembly
- Completed reload, in  0.813 seconds
Platform modules already initialized, skipping
Refreshing native plugins compatible for Editor in 0.35 ms, found 0 plugins.
Preloading 0 native plugins for Editor in 0.00 ms.
Unloading 1462 Unused Serialized files (Serialized files now loaded: 0)
System memory in use before: 163.1 MB.
System memory in use after: 163.0 MB.

Unloading 8 unused Assets to reduce memory usage. Loaded Objects now: 2012.
Total: 1.665500 ms (FindLiveObjects: 0.122300 ms CreateObjectMapping: 0.033300 ms MarkObjects: 1.335700 ms  DeleteObjects: 0.173500 ms)

========================================================================
Received Import Request.
  Time since last request: 26.562843 seconds.
  path: Assets/Game/Charaters/Skeleton/Skeleton Bow.prefab
  artifactKey: Guid(4e889b0125979ac4bbb48211d8fd2f5f) Importer(815301076,1909f56bfc062723c751e8b465ee728b)
Start importing Assets/Game/Charaters/Skeleton/Skeleton Bow.prefab using Guid(4e889b0125979ac4bbb48211d8fd2f5f) Importer(815301076,1909f56bfc062723c751e8b465ee728b)  -> (artifact id: '529a1a0d70d6748c0fd1c2897ba53c13') in 0.158696 seconds
  Import took 0.164566 seconds .

========================================================================
Received Import Request.
  Time since last request: 11.277900 seconds.
  path: Assets/Game/Charaters/Skeleton/Skeleton Bow.prefab
  artifactKey: Guid(4e889b0125979ac4bbb48211d8fd2f5f) Importer(815301076,1909f56bfc062723c751e8b465ee728b)
Start importing Assets/Game/Charaters/Skeleton/Skeleton Bow.prefab using Guid(4e889b0125979ac4bbb48211d8fd2f5f) Importer(815301076,1909f56bfc062723c751e8b465ee728b)  -> (artifact id: '4589d969cfda5fa3a8360eb4d3218612') in 0.104464 seconds
  Import took 0.110401 seconds .

========================================================================
Received Import Request.
  Time since last request: 14.820498 seconds.
  path: Assets/Game/Weapons/MagicMissle/MagicMissleOverride.overrideController
  artifactKey: Guid(809eb8b3c1ec2cd4eb77592fb1cc288b) Importer(815301076,1909f56bfc062723c751e8b465ee728b)
Start importing Assets/Game/Weapons/MagicMissle/MagicMissleOverride.overrideController using Guid(809eb8b3c1ec2cd4eb77592fb1cc288b) Importer(815301076,1909f56bfc062723c751e8b465ee728b)  -> (artifact id: 'd12887767cfcf1a9fd885333f3319071') in 0.051164 seconds
  Import took 0.054606 seconds .

========================================================================
Received Import Request.
  Time since last request: 0.000404 seconds.
  path: Assets/Game/Weapons/MagicMissle/MagicMissleWand.prefab
  artifactKey: Guid(8e9c35471599da543bb65351a9a36678) Importer(815301076,1909f56bfc062723c751e8b465ee728b)
Start importing Assets/Game/Weapons/MagicMissle/MagicMissleWand.prefab using Guid(8e9c35471599da543bb65351a9a36678) Importer(815301076,1909f56bfc062723c751e8b465ee728b)  -> (artifact id: 'ee44d3ce5ed3719830e9fae44636b5d5') in 0.009159 seconds
  Import took 0.011829 seconds .

